[2025-03-25T16:23:16.073Z] [ERROR] Missing required environment variables: NETLIFY_AUTH_TOKEN and NETLIFY_SITE_ID
[2025-03-25T16:24:27.374Z] [ERROR] Missing required environment variables: NETLIFY_AUTH_TOKEN and NETLIFY_SITE_ID
[2025-03-25T16:26:29.329Z] [ERROR] Missing required environment variables: NETLIFY_AUTH_TOKEN and NETLIFY_SITE_ID
[2025-03-25T16:27:03.277Z] [ERROR] Missing required environment variables: NETLIFY_AUTH_TOKEN and NETLIFY_SITE_ID
[2025-03-25T16:28:22.198Z] [ERROR] Missing required environment variables: NETLIFY_AUTH_TOKEN and NETLIFY_SITE_ID
[2025-03-25T16:29:18.595Z] [ERROR] Missing required environment variables: NETLIFY_AUTH_TOKEN and NETLIFY_SITE_ID
[2025-03-25T23:05:36.016Z] [ERROR] Build failed: Command failed: npm run build
Failed to compile.

./node_modules/@algolia/autocomplete-theme-classic/dist/theme.min.css.webpack[javascript/auto]!=!./node_modules/next/dist/build/webpack/loaders/css-loader/src/index.js??ruleSet[1].rules[6].oneOf[11].use[1]!./node_modules/next/dist/build/webpack/loaders/postcss-loader/src/index.js??ruleSet[1].rules[6].oneOf[11].use[2]!./node_modules/@algolia/autocomplete-theme-classic/dist/theme.min.css
Error: Cannot find module '../content/data/style.json'
Require stack:
- /Users/ree/Library/CloudStorage/OneDrive-Personal/0_NyreeHinton_com/Github Repo/content-ops-starter/build-config/next/tailwind.config.js
    at Function.<anonymous> (node:internal/modules/cjs/loader:1405:15)
    at /Users/ree/Library/CloudStorage/OneDrive-Personal/0_NyreeHinton_com/Github Repo/content-ops-starter/node_modules/next/dist/server/require-hook.js:55:36
    at Function.resolve (node:internal/modules/helpers:145:19)
    at _resolve (/Users/ree/Library/CloudStorage/OneDrive-Personal/0_NyreeHinton_com/Github Repo/content-ops-starter/node_modules/jiti/dist/jiti.js:1:246378)
    at jiti (/Users/ree/Library/CloudStorage/OneDrive-Personal/0_NyreeHinton_com/Github Repo/content-ops-starter/node_modules/jiti/dist/jiti.js:1:249092)
    at /Users/ree/Library/CloudStorage/OneDrive-Personal/0_NyreeHinton_com/Github Repo/content-ops-starter/build-config/next/tailwind.config.js:2:20
    at evalModule (/Users/ree/Library/CloudStorage/OneDrive-Personal/0_NyreeHinton_com/Github Repo/content-ops-starter/node_modules/jiti/dist/jiti.js:1:251913)
    at jiti (/Users/ree/Library/CloudStorage/OneDrive-Personal/0_NyreeHinton_com/Github Repo/content-ops-starter/node_modules/jiti/dist/jiti.js:1:249841)
    at /Users/ree/Library/CloudStorage/OneDrive-Personal/0_NyreeHinton_com/Github Repo/content-ops-starter/node_modules/tailwindcss/lib/lib/load-config.js:52:26
    at loadConfig (/Users/ree/Library/CloudStorage/OneDrive-Personal/0_NyreeHinton_com/Github Repo/content-ops-starter/node_modules/tailwindcss/lib/lib/load-config.js:62:6)

Import trace for requested module:
./node_modules/@algolia/autocomplete-theme-classic/dist/theme.min.css.webpack[javascript/auto]!=!./node_modules/next/dist/build/webpack/loaders/css-loader/src/index.js??ruleSet[1].rules[6].oneOf[11].use[1]!./node_modules/next/dist/build/webpack/loaders/postcss-loader/src/index.js??ruleSet[1].rules[6].oneOf[11].use[2]!./node_modules/@algolia/autocomplete-theme-classic/dist/theme.min.css
./node_modules/@algolia/autocomplete-theme-classic/dist/theme.min.css
./src/components/blocks/SearchBlock/AutoCompletePosts.jsx
./src/components/components-registry.ts
./src/components/layouts/PageLayout/index.tsx
./src/components/layouts/index.ts

./node_modules/swiper/modules/effect-fade.css.webpack[javascript/auto]!=!./node_modules/next/dist/build/webpack/loaders/css-loader/src/index.js??ruleSet[1].rules[6].oneOf[11].use[1]!./node_modules/next/dist/build/webpack/loaders/postcss-loader/src/index.js??ruleSet[1].rules[6].oneOf[11].use[2]!./node_modules/swiper/modules/effect-fade.css
Error: Cannot find module '../content/data/style.json'
Require stack:
- /Users/ree/Library/CloudStorage/OneDrive-Personal/0_NyreeHinton_com/Github Repo/content-ops-starter/build-config/next/tailwind.config.js
    at Function.<anonymous> (node:internal/modules/cjs/loader:1405:15)
    at /Users/ree/Library/CloudStorage/OneDrive-Personal/0_NyreeHinton_com/Github Repo/content-ops-starter/node_modules/next/dist/server/require-hook.js:55:36
    at Function.resolve (node:internal/modules/helpers:145:19)
    at _resolve (/Users/ree/Library/CloudStorage/OneDrive-Personal/0_NyreeHinton_com/Github Repo/content-ops-starter/node_modules/jiti/dist/jiti.js:1:246378)
    at jiti (/Users/ree/Library/CloudStorage/OneDrive-Personal/0_NyreeHinton_com/Github Repo/content-ops-starter/node_modules/jiti/dist/jiti.js:1:249092)
    at /Users/ree/Library/CloudStorage/OneDrive-Personal/0_NyreeHinton_com/Github Repo/content-ops-starter/build-config/next/tailwind.config.js:2:20
    at evalModule (/Users/ree/Library/CloudStorage/OneDrive-Personal/0_NyreeHinton_com/Github Repo/content-ops-starter/node_modules/jiti/dist/jiti.js:1:251913)
    at jiti (/Users/ree/Library/CloudStorage/OneDrive-Personal/0_NyreeHinton_com/Github Repo/content-ops-starter/node_modules/jiti/dist/jiti.js:1:249841)
    at /Users/ree/Library/CloudStorage/OneDrive-Personal/0_NyreeHinton_com/Github Repo/content-ops-starter/node_modules/tailwindcss/lib/lib/load-config.js:52:26
    at loadConfig (/Users/ree/Library/CloudStorage/OneDrive-Personal/0_NyreeHinton_com/Github Repo/content-ops-starter/node_modules/tailwindcss/lib/lib/load-config.js:62:6)

Import trace for requested module:
./node_modules/swiper/modules/effect-fade.css.webpack[javascript/auto]!=!./node_modules/next/dist/build/webpack/loaders/css-loader/src/index.js??ruleSet[1].rules[6].oneOf[11].use[1]!./node_modules/next/dist/build/webpack/loaders/postcss-loader/src/index.js??ruleSet[1].rules[6].oneOf[11].use[2]!./node_modules/swiper/modules/effect-fade.css
./node_modules/swiper/modules/effect-fade.css
./src/components/sections/CarouselSection/index.tsx
./src/components/components-registry.ts
./src/components/layouts/PageLayout/index.tsx
./src/components/layouts/index.ts

./node_modules/swiper/swiper.css.webpack[javascript/auto]!=!./node_modules/next/dist/build/webpack/loaders/css-loader/src/index.js??ruleSet[1].rules[6].oneOf[11].use[1]!./node_modules/next/dist/build/webpack/loaders/postcss-loader/src/index.js??ruleSet[1].rules[6].oneOf[11].use[2]!./node_modules/swiper/swiper.css
Error: Cannot find module '../content/data/style.json'
Require stack:
- /Users/ree/Library/CloudStorage/OneDrive-Personal/0_NyreeHinton_com/Github Repo/content-ops-starter/build-config/next/tailwind.config.js
    at Function.<anonymous> (node:internal/modules/cjs/loader:1405:15)
    at /Users/ree/Library/CloudStorage/OneDrive-Personal/0_NyreeHinton_com/Github Repo/content-ops-starter/node_modules/next/dist/server/require-hook.js:55:36
    at Function.resolve (node:internal/modules/helpers:145:19)
    at _resolve (/Users/ree/Library/CloudStorage/OneDrive-Personal/0_NyreeHinton_com/Github Repo/content-ops-starter/node_modules/jiti/dist/jiti.js:1:246378)
    at jiti (/Users/ree/Library/CloudStorage/OneDrive-Personal/0_NyreeHinton_com/Github Repo/content-ops-starter/node_modules/jiti/dist/jiti.js:1:249092)
    at /Users/ree/Library/CloudStorage/OneDrive-Personal/0_NyreeHinton_com/Github Repo/content-ops-starter/build-config/next/tailwind.config.js:2:20
    at evalModule (/Users/ree/Library/CloudStorage/OneDrive-Personal/0_NyreeHinton_com/Github Repo/content-ops-starter/node_modules/jiti/dist/jiti.js:1:251913)
    at jiti (/Users/ree/Library/CloudStorage/OneDrive-Personal/0_NyreeHinton_com/Github Repo/content-ops-starter/node_modules/jiti/dist/jiti.js:1:249841)
    at /Users/ree/Library/CloudStorage/OneDrive-Personal/0_NyreeHinton_com/Github Repo/content-ops-starter/node_modules/tailwindcss/lib/lib/load-config.js:52:26
    at loadConfig (/Users/ree/Library/CloudStorage/OneDrive-Personal/0_NyreeHinton_com/Github Repo/content-ops-starter/node_modules/tailwindcss/lib/lib/load-config.js:62:6)

Import trace for requested module:
./node_modules/swiper/swiper.css.webpack[javascript/auto]!=!./node_modules/next/dist/build/webpack/loaders/css-loader/src/index.js??ruleSet[1].rules[6].oneOf[11].use[1]!./node_modules/next/dist/build/webpack/loaders/postcss-loader/src/index.js??ruleSet[1].rules[6].oneOf[11].use[2]!./node_modules/swiper/swiper.css
./node_modules/swiper/swiper.css
./src/components/sections/CarouselSection/index.tsx
./src/components/components-registry.ts
./src/components/layouts/PageLayout/index.tsx
./src/components/layouts/index.ts

./src/css/main.css.webpack[javascript/auto]!=!./node_modules/next/dist/build/webpack/loaders/css-loader/src/index.js??ruleSet[1].rules[6].oneOf[13].use[1]!./node_modules/next/dist/build/webpack/loaders/postcss-loader/src/index.js??ruleSet[1].rules[6].oneOf[13].use[2]!./src/css/main.css
Error: Cannot find module '../content/data/style.json'
Require stack:
- /Users/ree/Library/CloudStorage/OneDrive-Personal/0_NyreeHinton_com/Github Repo/content-ops-starter/build-config/next/tailwind.config.js
    at Function.<anonymous> (node:internal/modules/cjs/loader:1405:15)
    at /Users/ree/Library/CloudStorage/OneDrive-Personal/0_NyreeHinton_com/Github Repo/content-ops-starter/node_modules/next/dist/server/require-hook.js:55:36
    at Function.resolve (node:internal/modules/helpers:145:19)
    at _resolve (/Users/ree/Library/CloudStorage/OneDrive-Personal/0_NyreeHinton_com/Github Repo/content-ops-starter/node_modules/jiti/dist/jiti.js:1:246378)
    at jiti (/Users/ree/Library/CloudStorage/OneDrive-Personal/0_NyreeHinton_com/Github Repo/content-ops-starter/node_modules/jiti/dist/jiti.js:1:249092)
    at /Users/ree/Library/CloudStorage/OneDrive-Personal/0_NyreeHinton_com/Github Repo/content-ops-starter/build-config/next/tailwind.config.js:2:20
    at evalModule (/Users/ree/Library/CloudStorage/OneDrive-Personal/0_NyreeHinton_com/Github Repo/content-ops-starter/node_modules/jiti/dist/jiti.js:1:251913)
    at jiti (/Users/ree/Library/CloudStorage/OneDrive-Personal/0_NyreeHinton_com/Github Repo/content-ops-starter/node_modules/jiti/dist/jiti.js:1:249841)
    at /Users/ree/Library/CloudStorage/OneDrive-Personal/0_NyreeHinton_com/Github Repo/content-ops-starter/node_modules/tailwindcss/lib/lib/load-config.js:52:26
    at loadConfig (/Users/ree/Library/CloudStorage/OneDrive-Personal/0_NyreeHinton_com/Github Repo/content-ops-starter/node_modules/tailwindcss/lib/lib/load-config.js:62:6)

Import trace for requested module:
./src/css/main.css.webpack[javascript/auto]!=!./node_modules/next/dist/build/webpack/loaders/css-loader/src/index.js??ruleSet[1].rules[6].oneOf[13].use[1]!./node_modules/next/dist/build/webpack/loaders/postcss-loader/src/index.js??ruleSet[1].rules[6].oneOf[13].use[2]!./src/css/main.css
./src/css/main.css

./src/styles/thirdbridge-new/ThirdBridge.css.webpack[javascript/auto]!=!./node_modules/next/dist/build/webpack/loaders/css-loader/src/index.js??ruleSet[1].rules[6].oneOf[13].use[1]!./node_modules/next/dist/build/webpack/loaders/postcss-loader/src/index.js??ruleSet[1].rules[6].oneOf[13].use[2]!./src/styles/thirdbridge-new/ThirdBridge.css
Error: Cannot find module '../content/data/style.json'
Require stack:
- /Users/ree/Library/CloudStorage/OneDrive-Personal/0_NyreeHinton_com/Github Repo/content-ops-starter/build-config/next/tailwind.config.js
    at Function.<anonymous> (node:internal/modules/cjs/loader:1405:15)
    at /Users/ree/Library/CloudStorage/OneDrive-Personal/0_NyreeHinton_com/Github Repo/content-ops-starter/node_modules/next/dist/server/require-hook.js:55:36
    at Function.resolve (node:internal/modules/helpers:145:19)
    at _resolve (/Users/ree/Library/CloudStorage/OneDrive-Personal/0_NyreeHinton_com/Github Repo/content-ops-starter/node_modules/jiti/dist/jiti.js:1:246378)
    at jiti (/Users/ree/Library/CloudStorage/OneDrive-Personal/0_NyreeHinton_com/Github Repo/content-ops-starter/node_modules/jiti/dist/jiti.js:1:249092)
    at /Users/ree/Library/CloudStorage/OneDrive-Personal/0_NyreeHinton_com/Github Repo/content-ops-starter/build-config/next/tailwind.config.js:2:20
    at evalModule (/Users/ree/Library/CloudStorage/OneDrive-Personal/0_NyreeHinton_com/Github Repo/content-ops-starter/node_modules/jiti/dist/jiti.js:1:251913)
    at jiti (/Users/ree/Library/CloudStorage/OneDrive-Personal/0_NyreeHinton_com/Github Repo/content-ops-starter/node_modules/jiti/dist/jiti.js:1:249841)
    at /Users/ree/Library/CloudStorage/OneDrive-Personal/0_NyreeHinton_com/Github Repo/content-ops-starter/node_modules/tailwindcss/lib/lib/load-config.js:52:26
    at loadConfig (/Users/ree/Library/CloudStorage/OneDrive-Personal/0_NyreeHinton_com/Github Repo/content-ops-starter/node_modules/tailwindcss/lib/lib/load-config.js:62:6)

Import trace for requested module:
./src/styles/thirdbridge-new/ThirdBridge.css.webpack[javascript/auto]!=!./node_modules/next/dist/build/webpack/loaders/css-loader/src/index.js??ruleSet[1].rules[6].oneOf[13].use[1]!./node_modules/next/dist/build/webpack/loaders/postcss-loader/src/index.js??ruleSet[1].rules[6].oneOf[13].use[2]!./src/styles/thirdbridge-new/ThirdBridge.css
./src/styles/thirdbridge-new/ThirdBridge.css


> Build failed because of webpack errors

[2025-03-25T23:05:36.019Z] [ERROR] Build failed. Skipping test and commit.
[2025-03-25T23:06:06.821Z] [ERROR] Build failed: Command failed: npm run build
Failed to compile.

./node_modules/@algolia/autocomplete-theme-classic/dist/theme.min.css.webpack[javascript/auto]!=!./node_modules/next/dist/build/webpack/loaders/css-loader/src/index.js??ruleSet[1].rules[6].oneOf[11].use[1]!./node_modules/next/dist/build/webpack/loaders/postcss-loader/src/index.js??ruleSet[1].rules[6].oneOf[11].use[2]!./node_modules/@algolia/autocomplete-theme-classic/dist/theme.min.css
Error: Cannot find module '../content/data/style.json'
Require stack:
- /Users/ree/Library/CloudStorage/OneDrive-Personal/0_NyreeHinton_com/Github Repo/content-ops-starter/build-config/next/tailwind.config.js
    at Function.<anonymous> (node:internal/modules/cjs/loader:1405:15)
    at /Users/ree/Library/CloudStorage/OneDrive-Personal/0_NyreeHinton_com/Github Repo/content-ops-starter/node_modules/next/dist/server/require-hook.js:55:36
    at Function.resolve (node:internal/modules/helpers:145:19)
    at _resolve (/Users/ree/Library/CloudStorage/OneDrive-Personal/0_NyreeHinton_com/Github Repo/content-ops-starter/node_modules/jiti/dist/jiti.js:1:246378)
    at jiti (/Users/ree/Library/CloudStorage/OneDrive-Personal/0_NyreeHinton_com/Github Repo/content-ops-starter/node_modules/jiti/dist/jiti.js:1:249092)
    at /Users/ree/Library/CloudStorage/OneDrive-Personal/0_NyreeHinton_com/Github Repo/content-ops-starter/build-config/next/tailwind.config.js:2:20
    at evalModule (/Users/ree/Library/CloudStorage/OneDrive-Personal/0_NyreeHinton_com/Github Repo/content-ops-starter/node_modules/jiti/dist/jiti.js:1:251913)
    at jiti (/Users/ree/Library/CloudStorage/OneDrive-Personal/0_NyreeHinton_com/Github Repo/content-ops-starter/node_modules/jiti/dist/jiti.js:1:249841)
    at /Users/ree/Library/CloudStorage/OneDrive-Personal/0_NyreeHinton_com/Github Repo/content-ops-starter/node_modules/tailwindcss/lib/lib/load-config.js:52:26
    at loadConfig (/Users/ree/Library/CloudStorage/OneDrive-Personal/0_NyreeHinton_com/Github Repo/content-ops-starter/node_modules/tailwindcss/lib/lib/load-config.js:62:6)

Import trace for requested module:
./node_modules/@algolia/autocomplete-theme-classic/dist/theme.min.css.webpack[javascript/auto]!=!./node_modules/next/dist/build/webpack/loaders/css-loader/src/index.js??ruleSet[1].rules[6].oneOf[11].use[1]!./node_modules/next/dist/build/webpack/loaders/postcss-loader/src/index.js??ruleSet[1].rules[6].oneOf[11].use[2]!./node_modules/@algolia/autocomplete-theme-classic/dist/theme.min.css
./node_modules/@algolia/autocomplete-theme-classic/dist/theme.min.css
./src/components/blocks/SearchBlock/AutoCompletePosts.jsx
./src/components/components-registry.ts
./src/components/layouts/PageLayout/index.tsx
./src/components/layouts/index.ts

./node_modules/swiper/modules/effect-fade.css.webpack[javascript/auto]!=!./node_modules/next/dist/build/webpack/loaders/css-loader/src/index.js??ruleSet[1].rules[6].oneOf[11].use[1]!./node_modules/next/dist/build/webpack/loaders/postcss-loader/src/index.js??ruleSet[1].rules[6].oneOf[11].use[2]!./node_modules/swiper/modules/effect-fade.css
Error: Cannot find module '../content/data/style.json'
Require stack:
- /Users/ree/Library/CloudStorage/OneDrive-Personal/0_NyreeHinton_com/Github Repo/content-ops-starter/build-config/next/tailwind.config.js
    at Function.<anonymous> (node:internal/modules/cjs/loader:1405:15)
    at /Users/ree/Library/CloudStorage/OneDrive-Personal/0_NyreeHinton_com/Github Repo/content-ops-starter/node_modules/next/dist/server/require-hook.js:55:36
    at Function.resolve (node:internal/modules/helpers:145:19)
    at _resolve (/Users/ree/Library/CloudStorage/OneDrive-Personal/0_NyreeHinton_com/Github Repo/content-ops-starter/node_modules/jiti/dist/jiti.js:1:246378)
    at jiti (/Users/ree/Library/CloudStorage/OneDrive-Personal/0_NyreeHinton_com/Github Repo/content-ops-starter/node_modules/jiti/dist/jiti.js:1:249092)
    at /Users/ree/Library/CloudStorage/OneDrive-Personal/0_NyreeHinton_com/Github Repo/content-ops-starter/build-config/next/tailwind.config.js:2:20
    at evalModule (/Users/ree/Library/CloudStorage/OneDrive-Personal/0_NyreeHinton_com/Github Repo/content-ops-starter/node_modules/jiti/dist/jiti.js:1:251913)
    at jiti (/Users/ree/Library/CloudStorage/OneDrive-Personal/0_NyreeHinton_com/Github Repo/content-ops-starter/node_modules/jiti/dist/jiti.js:1:249841)
    at /Users/ree/Library/CloudStorage/OneDrive-Personal/0_NyreeHinton_com/Github Repo/content-ops-starter/node_modules/tailwindcss/lib/lib/load-config.js:52:26
    at loadConfig (/Users/ree/Library/CloudStorage/OneDrive-Personal/0_NyreeHinton_com/Github Repo/content-ops-starter/node_modules/tailwindcss/lib/lib/load-config.js:62:6)

Import trace for requested module:
./node_modules/swiper/modules/effect-fade.css.webpack[javascript/auto]!=!./node_modules/next/dist/build/webpack/loaders/css-loader/src/index.js??ruleSet[1].rules[6].oneOf[11].use[1]!./node_modules/next/dist/build/webpack/loaders/postcss-loader/src/index.js??ruleSet[1].rules[6].oneOf[11].use[2]!./node_modules/swiper/modules/effect-fade.css
./node_modules/swiper/modules/effect-fade.css
./src/components/sections/CarouselSection/index.tsx
./src/components/components-registry.ts
./src/components/layouts/PageLayout/index.tsx
./src/components/layouts/index.ts

./node_modules/swiper/swiper.css.webpack[javascript/auto]!=!./node_modules/next/dist/build/webpack/loaders/css-loader/src/index.js??ruleSet[1].rules[6].oneOf[11].use[1]!./node_modules/next/dist/build/webpack/loaders/postcss-loader/src/index.js??ruleSet[1].rules[6].oneOf[11].use[2]!./node_modules/swiper/swiper.css
Error: Cannot find module '../content/data/style.json'
Require stack:
- /Users/ree/Library/CloudStorage/OneDrive-Personal/0_NyreeHinton_com/Github Repo/content-ops-starter/build-config/next/tailwind.config.js
    at Function.<anonymous> (node:internal/modules/cjs/loader:1405:15)
    at /Users/ree/Library/CloudStorage/OneDrive-Personal/0_NyreeHinton_com/Github Repo/content-ops-starter/node_modules/next/dist/server/require-hook.js:55:36
    at Function.resolve (node:internal/modules/helpers:145:19)
    at _resolve (/Users/ree/Library/CloudStorage/OneDrive-Personal/0_NyreeHinton_com/Github Repo/content-ops-starter/node_modules/jiti/dist/jiti.js:1:246378)
    at jiti (/Users/ree/Library/CloudStorage/OneDrive-Personal/0_NyreeHinton_com/Github Repo/content-ops-starter/node_modules/jiti/dist/jiti.js:1:249092)
    at /Users/ree/Library/CloudStorage/OneDrive-Personal/0_NyreeHinton_com/Github Repo/content-ops-starter/build-config/next/tailwind.config.js:2:20
    at evalModule (/Users/ree/Library/CloudStorage/OneDrive-Personal/0_NyreeHinton_com/Github Repo/content-ops-starter/node_modules/jiti/dist/jiti.js:1:251913)
    at jiti (/Users/ree/Library/CloudStorage/OneDrive-Personal/0_NyreeHinton_com/Github Repo/content-ops-starter/node_modules/jiti/dist/jiti.js:1:249841)
    at /Users/ree/Library/CloudStorage/OneDrive-Personal/0_NyreeHinton_com/Github Repo/content-ops-starter/node_modules/tailwindcss/lib/lib/load-config.js:52:26
    at loadConfig (/Users/ree/Library/CloudStorage/OneDrive-Personal/0_NyreeHinton_com/Github Repo/content-ops-starter/node_modules/tailwindcss/lib/lib/load-config.js:62:6)

Import trace for requested module:
./node_modules/swiper/swiper.css.webpack[javascript/auto]!=!./node_modules/next/dist/build/webpack/loaders/css-loader/src/index.js??ruleSet[1].rules[6].oneOf[11].use[1]!./node_modules/next/dist/build/webpack/loaders/postcss-loader/src/index.js??ruleSet[1].rules[6].oneOf[11].use[2]!./node_modules/swiper/swiper.css
./node_modules/swiper/swiper.css
./src/components/sections/CarouselSection/index.tsx
./src/components/components-registry.ts
./src/components/layouts/PageLayout/index.tsx
./src/components/layouts/index.ts

./src/css/main.css.webpack[javascript/auto]!=!./node_modules/next/dist/build/webpack/loaders/css-loader/src/index.js??ruleSet[1].rules[6].oneOf[13].use[1]!./node_modules/next/dist/build/webpack/loaders/postcss-loader/src/index.js??ruleSet[1].rules[6].oneOf[13].use[2]!./src/css/main.css
Error: Cannot find module '../content/data/style.json'
Require stack:
- /Users/ree/Library/CloudStorage/OneDrive-Personal/0_NyreeHinton_com/Github Repo/content-ops-starter/build-config/next/tailwind.config.js
    at Function.<anonymous> (node:internal/modules/cjs/loader:1405:15)
    at /Users/ree/Library/CloudStorage/OneDrive-Personal/0_NyreeHinton_com/Github Repo/content-ops-starter/node_modules/next/dist/server/require-hook.js:55:36
    at Function.resolve (node:internal/modules/helpers:145:19)
    at _resolve (/Users/ree/Library/CloudStorage/OneDrive-Personal/0_NyreeHinton_com/Github Repo/content-ops-starter/node_modules/jiti/dist/jiti.js:1:246378)
    at jiti (/Users/ree/Library/CloudStorage/OneDrive-Personal/0_NyreeHinton_com/Github Repo/content-ops-starter/node_modules/jiti/dist/jiti.js:1:249092)
    at /Users/ree/Library/CloudStorage/OneDrive-Personal/0_NyreeHinton_com/Github Repo/content-ops-starter/build-config/next/tailwind.config.js:2:20
    at evalModule (/Users/ree/Library/CloudStorage/OneDrive-Personal/0_NyreeHinton_com/Github Repo/content-ops-starter/node_modules/jiti/dist/jiti.js:1:251913)
    at jiti (/Users/ree/Library/CloudStorage/OneDrive-Personal/0_NyreeHinton_com/Github Repo/content-ops-starter/node_modules/jiti/dist/jiti.js:1:249841)
    at /Users/ree/Library/CloudStorage/OneDrive-Personal/0_NyreeHinton_com/Github Repo/content-ops-starter/node_modules/tailwindcss/lib/lib/load-config.js:52:26
    at loadConfig (/Users/ree/Library/CloudStorage/OneDrive-Personal/0_NyreeHinton_com/Github Repo/content-ops-starter/node_modules/tailwindcss/lib/lib/load-config.js:62:6)

Import trace for requested module:
./src/css/main.css.webpack[javascript/auto]!=!./node_modules/next/dist/build/webpack/loaders/css-loader/src/index.js??ruleSet[1].rules[6].oneOf[13].use[1]!./node_modules/next/dist/build/webpack/loaders/postcss-loader/src/index.js??ruleSet[1].rules[6].oneOf[13].use[2]!./src/css/main.css
./src/css/main.css

./src/styles/thirdbridge-new/ThirdBridge.css.webpack[javascript/auto]!=!./node_modules/next/dist/build/webpack/loaders/css-loader/src/index.js??ruleSet[1].rules[6].oneOf[13].use[1]!./node_modules/next/dist/build/webpack/loaders/postcss-loader/src/index.js??ruleSet[1].rules[6].oneOf[13].use[2]!./src/styles/thirdbridge-new/ThirdBridge.css
Error: Cannot find module '../content/data/style.json'
Require stack:
- /Users/ree/Library/CloudStorage/OneDrive-Personal/0_NyreeHinton_com/Github Repo/content-ops-starter/build-config/next/tailwind.config.js
    at Function.<anonymous> (node:internal/modules/cjs/loader:1405:15)
    at /Users/ree/Library/CloudStorage/OneDrive-Personal/0_NyreeHinton_com/Github Repo/content-ops-starter/node_modules/next/dist/server/require-hook.js:55:36
    at Function.resolve (node:internal/modules/helpers:145:19)
    at _resolve (/Users/ree/Library/CloudStorage/OneDrive-Personal/0_NyreeHinton_com/Github Repo/content-ops-starter/node_modules/jiti/dist/jiti.js:1:246378)
    at jiti (/Users/ree/Library/CloudStorage/OneDrive-Personal/0_NyreeHinton_com/Github Repo/content-ops-starter/node_modules/jiti/dist/jiti.js:1:249092)
    at /Users/ree/Library/CloudStorage/OneDrive-Personal/0_NyreeHinton_com/Github Repo/content-ops-starter/build-config/next/tailwind.config.js:2:20
    at evalModule (/Users/ree/Library/CloudStorage/OneDrive-Personal/0_NyreeHinton_com/Github Repo/content-ops-starter/node_modules/jiti/dist/jiti.js:1:251913)
    at jiti (/Users/ree/Library/CloudStorage/OneDrive-Personal/0_NyreeHinton_com/Github Repo/content-ops-starter/node_modules/jiti/dist/jiti.js:1:249841)
    at /Users/ree/Library/CloudStorage/OneDrive-Personal/0_NyreeHinton_com/Github Repo/content-ops-starter/node_modules/tailwindcss/lib/lib/load-config.js:52:26
    at loadConfig (/Users/ree/Library/CloudStorage/OneDrive-Personal/0_NyreeHinton_com/Github Repo/content-ops-starter/node_modules/tailwindcss/lib/lib/load-config.js:62:6)

Import trace for requested module:
./src/styles/thirdbridge-new/ThirdBridge.css.webpack[javascript/auto]!=!./node_modules/next/dist/build/webpack/loaders/css-loader/src/index.js??ruleSet[1].rules[6].oneOf[13].use[1]!./node_modules/next/dist/build/webpack/loaders/postcss-loader/src/index.js??ruleSet[1].rules[6].oneOf[13].use[2]!./src/styles/thirdbridge-new/ThirdBridge.css
./src/styles/thirdbridge-new/ThirdBridge.css


> Build failed because of webpack errors

[2025-03-25T23:06:06.823Z] [ERROR] Build failed. Skipping test and commit.
[2025-03-25T23:26:45.569Z] [ERROR] Build failed: Command failed: npm run build
Failed to compile.

./node_modules/@algolia/autocomplete-theme-classic/dist/theme.min.css.webpack[javascript/auto]!=!./node_modules/next/dist/build/webpack/loaders/css-loader/src/index.js??ruleSet[1].rules[6].oneOf[11].use[1]!./node_modules/next/dist/build/webpack/loaders/postcss-loader/src/index.js??ruleSet[1].rules[6].oneOf[11].use[2]!./node_modules/@algolia/autocomplete-theme-classic/dist/theme.min.css
Error: Cannot find module '../content/data/style.json'
Require stack:
- /Users/ree/Library/CloudStorage/OneDrive-Personal/0_NyreeHinton_com/Github Repo/content-ops-starter/build-config/next/tailwind.config.js
    at Function.<anonymous> (node:internal/modules/cjs/loader:1405:15)
    at /Users/ree/Library/CloudStorage/OneDrive-Personal/0_NyreeHinton_com/Github Repo/content-ops-starter/node_modules/next/dist/server/require-hook.js:55:36
    at Function.resolve (node:internal/modules/helpers:145:19)
    at _resolve (/Users/ree/Library/CloudStorage/OneDrive-Personal/0_NyreeHinton_com/Github Repo/content-ops-starter/node_modules/jiti/dist/jiti.js:1:246378)
    at jiti (/Users/ree/Library/CloudStorage/OneDrive-Personal/0_NyreeHinton_com/Github Repo/content-ops-starter/node_modules/jiti/dist/jiti.js:1:249092)
    at /Users/ree/Library/CloudStorage/OneDrive-Personal/0_NyreeHinton_com/Github Repo/content-ops-starter/build-config/next/tailwind.config.js:2:20
    at evalModule (/Users/ree/Library/CloudStorage/OneDrive-Personal/0_NyreeHinton_com/Github Repo/content-ops-starter/node_modules/jiti/dist/jiti.js:1:251913)
    at jiti (/Users/ree/Library/CloudStorage/OneDrive-Personal/0_NyreeHinton_com/Github Repo/content-ops-starter/node_modules/jiti/dist/jiti.js:1:249841)
    at /Users/ree/Library/CloudStorage/OneDrive-Personal/0_NyreeHinton_com/Github Repo/content-ops-starter/node_modules/tailwindcss/lib/lib/load-config.js:52:26
    at loadConfig (/Users/ree/Library/CloudStorage/OneDrive-Personal/0_NyreeHinton_com/Github Repo/content-ops-starter/node_modules/tailwindcss/lib/lib/load-config.js:62:6)

Import trace for requested module:
./node_modules/@algolia/autocomplete-theme-classic/dist/theme.min.css.webpack[javascript/auto]!=!./node_modules/next/dist/build/webpack/loaders/css-loader/src/index.js??ruleSet[1].rules[6].oneOf[11].use[1]!./node_modules/next/dist/build/webpack/loaders/postcss-loader/src/index.js??ruleSet[1].rules[6].oneOf[11].use[2]!./node_modules/@algolia/autocomplete-theme-classic/dist/theme.min.css
./node_modules/@algolia/autocomplete-theme-classic/dist/theme.min.css
./src/components/blocks/SearchBlock/AutoCompletePosts.jsx
./src/components/components-registry.ts
./src/components/layouts/PageLayout/index.tsx
./src/components/layouts/index.ts

./node_modules/swiper/modules/effect-fade.css.webpack[javascript/auto]!=!./node_modules/next/dist/build/webpack/loaders/css-loader/src/index.js??ruleSet[1].rules[6].oneOf[11].use[1]!./node_modules/next/dist/build/webpack/loaders/postcss-loader/src/index.js??ruleSet[1].rules[6].oneOf[11].use[2]!./node_modules/swiper/modules/effect-fade.css
Error: Cannot find module '../content/data/style.json'
Require stack:
- /Users/ree/Library/CloudStorage/OneDrive-Personal/0_NyreeHinton_com/Github Repo/content-ops-starter/build-config/next/tailwind.config.js
    at Function.<anonymous> (node:internal/modules/cjs/loader:1405:15)
    at /Users/ree/Library/CloudStorage/OneDrive-Personal/0_NyreeHinton_com/Github Repo/content-ops-starter/node_modules/next/dist/server/require-hook.js:55:36
    at Function.resolve (node:internal/modules/helpers:145:19)
    at _resolve (/Users/ree/Library/CloudStorage/OneDrive-Personal/0_NyreeHinton_com/Github Repo/content-ops-starter/node_modules/jiti/dist/jiti.js:1:246378)
    at jiti (/Users/ree/Library/CloudStorage/OneDrive-Personal/0_NyreeHinton_com/Github Repo/content-ops-starter/node_modules/jiti/dist/jiti.js:1:249092)
    at /Users/ree/Library/CloudStorage/OneDrive-Personal/0_NyreeHinton_com/Github Repo/content-ops-starter/build-config/next/tailwind.config.js:2:20
    at evalModule (/Users/ree/Library/CloudStorage/OneDrive-Personal/0_NyreeHinton_com/Github Repo/content-ops-starter/node_modules/jiti/dist/jiti.js:1:251913)
    at jiti (/Users/ree/Library/CloudStorage/OneDrive-Personal/0_NyreeHinton_com/Github Repo/content-ops-starter/node_modules/jiti/dist/jiti.js:1:249841)
    at /Users/ree/Library/CloudStorage/OneDrive-Personal/0_NyreeHinton_com/Github Repo/content-ops-starter/node_modules/tailwindcss/lib/lib/load-config.js:52:26
    at loadConfig (/Users/ree/Library/CloudStorage/OneDrive-Personal/0_NyreeHinton_com/Github Repo/content-ops-starter/node_modules/tailwindcss/lib/lib/load-config.js:62:6)

Import trace for requested module:
./node_modules/swiper/modules/effect-fade.css.webpack[javascript/auto]!=!./node_modules/next/dist/build/webpack/loaders/css-loader/src/index.js??ruleSet[1].rules[6].oneOf[11].use[1]!./node_modules/next/dist/build/webpack/loaders/postcss-loader/src/index.js??ruleSet[1].rules[6].oneOf[11].use[2]!./node_modules/swiper/modules/effect-fade.css
./node_modules/swiper/modules/effect-fade.css
./src/components/sections/CarouselSection/index.tsx
./src/components/components-registry.ts
./src/components/layouts/PageLayout/index.tsx
./src/components/layouts/index.ts

./node_modules/swiper/swiper.css.webpack[javascript/auto]!=!./node_modules/next/dist/build/webpack/loaders/css-loader/src/index.js??ruleSet[1].rules[6].oneOf[11].use[1]!./node_modules/next/dist/build/webpack/loaders/postcss-loader/src/index.js??ruleSet[1].rules[6].oneOf[11].use[2]!./node_modules/swiper/swiper.css
Error: Cannot find module '../content/data/style.json'
Require stack:
- /Users/ree/Library/CloudStorage/OneDrive-Personal/0_NyreeHinton_com/Github Repo/content-ops-starter/build-config/next/tailwind.config.js
    at Function.<anonymous> (node:internal/modules/cjs/loader:1405:15)
    at /Users/ree/Library/CloudStorage/OneDrive-Personal/0_NyreeHinton_com/Github Repo/content-ops-starter/node_modules/next/dist/server/require-hook.js:55:36
    at Function.resolve (node:internal/modules/helpers:145:19)
    at _resolve (/Users/ree/Library/CloudStorage/OneDrive-Personal/0_NyreeHinton_com/Github Repo/content-ops-starter/node_modules/jiti/dist/jiti.js:1:246378)
    at jiti (/Users/ree/Library/CloudStorage/OneDrive-Personal/0_NyreeHinton_com/Github Repo/content-ops-starter/node_modules/jiti/dist/jiti.js:1:249092)
    at /Users/ree/Library/CloudStorage/OneDrive-Personal/0_NyreeHinton_com/Github Repo/content-ops-starter/build-config/next/tailwind.config.js:2:20
    at evalModule (/Users/ree/Library/CloudStorage/OneDrive-Personal/0_NyreeHinton_com/Github Repo/content-ops-starter/node_modules/jiti/dist/jiti.js:1:251913)
    at jiti (/Users/ree/Library/CloudStorage/OneDrive-Personal/0_NyreeHinton_com/Github Repo/content-ops-starter/node_modules/jiti/dist/jiti.js:1:249841)
    at /Users/ree/Library/CloudStorage/OneDrive-Personal/0_NyreeHinton_com/Github Repo/content-ops-starter/node_modules/tailwindcss/lib/lib/load-config.js:52:26
    at loadConfig (/Users/ree/Library/CloudStorage/OneDrive-Personal/0_NyreeHinton_com/Github Repo/content-ops-starter/node_modules/tailwindcss/lib/lib/load-config.js:62:6)

Import trace for requested module:
./node_modules/swiper/swiper.css.webpack[javascript/auto]!=!./node_modules/next/dist/build/webpack/loaders/css-loader/src/index.js??ruleSet[1].rules[6].oneOf[11].use[1]!./node_modules/next/dist/build/webpack/loaders/postcss-loader/src/index.js??ruleSet[1].rules[6].oneOf[11].use[2]!./node_modules/swiper/swiper.css
./node_modules/swiper/swiper.css
./src/components/sections/CarouselSection/index.tsx
./src/components/components-registry.ts
./src/components/layouts/PageLayout/index.tsx
./src/components/layouts/index.ts

./src/css/main.css.webpack[javascript/auto]!=!./node_modules/next/dist/build/webpack/loaders/css-loader/src/index.js??ruleSet[1].rules[6].oneOf[13].use[1]!./node_modules/next/dist/build/webpack/loaders/postcss-loader/src/index.js??ruleSet[1].rules[6].oneOf[13].use[2]!./src/css/main.css
Error: Cannot find module '../content/data/style.json'
Require stack:
- /Users/ree/Library/CloudStorage/OneDrive-Personal/0_NyreeHinton_com/Github Repo/content-ops-starter/build-config/next/tailwind.config.js
    at Function.<anonymous> (node:internal/modules/cjs/loader:1405:15)
    at /Users/ree/Library/CloudStorage/OneDrive-Personal/0_NyreeHinton_com/Github Repo/content-ops-starter/node_modules/next/dist/server/require-hook.js:55:36
    at Function.resolve (node:internal/modules/helpers:145:19)
    at _resolve (/Users/ree/Library/CloudStorage/OneDrive-Personal/0_NyreeHinton_com/Github Repo/content-ops-starter/node_modules/jiti/dist/jiti.js:1:246378)
    at jiti (/Users/ree/Library/CloudStorage/OneDrive-Personal/0_NyreeHinton_com/Github Repo/content-ops-starter/node_modules/jiti/dist/jiti.js:1:249092)
    at /Users/ree/Library/CloudStorage/OneDrive-Personal/0_NyreeHinton_com/Github Repo/content-ops-starter/build-config/next/tailwind.config.js:2:20
    at evalModule (/Users/ree/Library/CloudStorage/OneDrive-Personal/0_NyreeHinton_com/Github Repo/content-ops-starter/node_modules/jiti/dist/jiti.js:1:251913)
    at jiti (/Users/ree/Library/CloudStorage/OneDrive-Personal/0_NyreeHinton_com/Github Repo/content-ops-starter/node_modules/jiti/dist/jiti.js:1:249841)
    at /Users/ree/Library/CloudStorage/OneDrive-Personal/0_NyreeHinton_com/Github Repo/content-ops-starter/node_modules/tailwindcss/lib/lib/load-config.js:52:26
    at loadConfig (/Users/ree/Library/CloudStorage/OneDrive-Personal/0_NyreeHinton_com/Github Repo/content-ops-starter/node_modules/tailwindcss/lib/lib/load-config.js:62:6)

Import trace for requested module:
./src/css/main.css.webpack[javascript/auto]!=!./node_modules/next/dist/build/webpack/loaders/css-loader/src/index.js??ruleSet[1].rules[6].oneOf[13].use[1]!./node_modules/next/dist/build/webpack/loaders/postcss-loader/src/index.js??ruleSet[1].rules[6].oneOf[13].use[2]!./src/css/main.css
./src/css/main.css

./src/styles/thirdbridge-new/ThirdBridge.css.webpack[javascript/auto]!=!./node_modules/next/dist/build/webpack/loaders/css-loader/src/index.js??ruleSet[1].rules[6].oneOf[13].use[1]!./node_modules/next/dist/build/webpack/loaders/postcss-loader/src/index.js??ruleSet[1].rules[6].oneOf[13].use[2]!./src/styles/thirdbridge-new/ThirdBridge.css
Error: Cannot find module '../content/data/style.json'
Require stack:
- /Users/ree/Library/CloudStorage/OneDrive-Personal/0_NyreeHinton_com/Github Repo/content-ops-starter/build-config/next/tailwind.config.js
    at Function.<anonymous> (node:internal/modules/cjs/loader:1405:15)
    at /Users/ree/Library/CloudStorage/OneDrive-Personal/0_NyreeHinton_com/Github Repo/content-ops-starter/node_modules/next/dist/server/require-hook.js:55:36
    at Function.resolve (node:internal/modules/helpers:145:19)
    at _resolve (/Users/ree/Library/CloudStorage/OneDrive-Personal/0_NyreeHinton_com/Github Repo/content-ops-starter/node_modules/jiti/dist/jiti.js:1:246378)
    at jiti (/Users/ree/Library/CloudStorage/OneDrive-Personal/0_NyreeHinton_com/Github Repo/content-ops-starter/node_modules/jiti/dist/jiti.js:1:249092)
    at /Users/ree/Library/CloudStorage/OneDrive-Personal/0_NyreeHinton_com/Github Repo/content-ops-starter/build-config/next/tailwind.config.js:2:20
    at evalModule (/Users/ree/Library/CloudStorage/OneDrive-Personal/0_NyreeHinton_com/Github Repo/content-ops-starter/node_modules/jiti/dist/jiti.js:1:251913)
    at jiti (/Users/ree/Library/CloudStorage/OneDrive-Personal/0_NyreeHinton_com/Github Repo/content-ops-starter/node_modules/jiti/dist/jiti.js:1:249841)
    at /Users/ree/Library/CloudStorage/OneDrive-Personal/0_NyreeHinton_com/Github Repo/content-ops-starter/node_modules/tailwindcss/lib/lib/load-config.js:52:26
    at loadConfig (/Users/ree/Library/CloudStorage/OneDrive-Personal/0_NyreeHinton_com/Github Repo/content-ops-starter/node_modules/tailwindcss/lib/lib/load-config.js:62:6)

Import trace for requested module:
./src/styles/thirdbridge-new/ThirdBridge.css.webpack[javascript/auto]!=!./node_modules/next/dist/build/webpack/loaders/css-loader/src/index.js??ruleSet[1].rules[6].oneOf[13].use[1]!./node_modules/next/dist/build/webpack/loaders/postcss-loader/src/index.js??ruleSet[1].rules[6].oneOf[13].use[2]!./src/styles/thirdbridge-new/ThirdBridge.css
./src/styles/thirdbridge-new/ThirdBridge.css


> Build failed because of webpack errors

[2025-03-25T23:26:45.572Z] [ERROR] Build failed. Skipping test and commit.
[2025-03-25T23:35:24.021Z] [ERROR] Build failed: Command failed: npm run build
Failed to compile.

./node_modules/@algolia/autocomplete-theme-classic/dist/theme.min.css.webpack[javascript/auto]!=!./node_modules/next/dist/build/webpack/loaders/css-loader/src/index.js??ruleSet[1].rules[6].oneOf[11].use[1]!./node_modules/next/dist/build/webpack/loaders/postcss-loader/src/index.js??ruleSet[1].rules[6].oneOf[11].use[2]!./node_modules/@algolia/autocomplete-theme-classic/dist/theme.min.css
Error: Cannot find module '../content/data/style.json'
Require stack:
- /Users/ree/Library/CloudStorage/OneDrive-Personal/0_NyreeHinton_com/Github Repo/content-ops-starter/build-config/next/tailwind.config.js
    at Function.<anonymous> (node:internal/modules/cjs/loader:1405:15)
    at /Users/ree/Library/CloudStorage/OneDrive-Personal/0_NyreeHinton_com/Github Repo/content-ops-starter/node_modules/next/dist/server/require-hook.js:55:36
    at Function.resolve (node:internal/modules/helpers:145:19)
    at _resolve (/Users/ree/Library/CloudStorage/OneDrive-Personal/0_NyreeHinton_com/Github Repo/content-ops-starter/node_modules/jiti/dist/jiti.js:1:246378)
    at jiti (/Users/ree/Library/CloudStorage/OneDrive-Personal/0_NyreeHinton_com/Github Repo/content-ops-starter/node_modules/jiti/dist/jiti.js:1:249092)
    at /Users/ree/Library/CloudStorage/OneDrive-Personal/0_NyreeHinton_com/Github Repo/content-ops-starter/build-config/next/tailwind.config.js:2:20
    at evalModule (/Users/ree/Library/CloudStorage/OneDrive-Personal/0_NyreeHinton_com/Github Repo/content-ops-starter/node_modules/jiti/dist/jiti.js:1:251913)
    at jiti (/Users/ree/Library/CloudStorage/OneDrive-Personal/0_NyreeHinton_com/Github Repo/content-ops-starter/node_modules/jiti/dist/jiti.js:1:249841)
    at /Users/ree/Library/CloudStorage/OneDrive-Personal/0_NyreeHinton_com/Github Repo/content-ops-starter/node_modules/tailwindcss/lib/lib/load-config.js:52:26
    at loadConfig (/Users/ree/Library/CloudStorage/OneDrive-Personal/0_NyreeHinton_com/Github Repo/content-ops-starter/node_modules/tailwindcss/lib/lib/load-config.js:62:6)

Import trace for requested module:
./node_modules/@algolia/autocomplete-theme-classic/dist/theme.min.css.webpack[javascript/auto]!=!./node_modules/next/dist/build/webpack/loaders/css-loader/src/index.js??ruleSet[1].rules[6].oneOf[11].use[1]!./node_modules/next/dist/build/webpack/loaders/postcss-loader/src/index.js??ruleSet[1].rules[6].oneOf[11].use[2]!./node_modules/@algolia/autocomplete-theme-classic/dist/theme.min.css
./node_modules/@algolia/autocomplete-theme-classic/dist/theme.min.css
./src/components/blocks/SearchBlock/AutoCompletePosts.jsx
./src/components/components-registry.ts
./src/components/layouts/PageLayout/index.tsx
./src/components/layouts/index.ts

./node_modules/swiper/modules/effect-fade.css.webpack[javascript/auto]!=!./node_modules/next/dist/build/webpack/loaders/css-loader/src/index.js??ruleSet[1].rules[6].oneOf[11].use[1]!./node_modules/next/dist/build/webpack/loaders/postcss-loader/src/index.js??ruleSet[1].rules[6].oneOf[11].use[2]!./node_modules/swiper/modules/effect-fade.css
Error: Cannot find module '../content/data/style.json'
Require stack:
- /Users/ree/Library/CloudStorage/OneDrive-Personal/0_NyreeHinton_com/Github Repo/content-ops-starter/build-config/next/tailwind.config.js
    at Function.<anonymous> (node:internal/modules/cjs/loader:1405:15)
    at /Users/ree/Library/CloudStorage/OneDrive-Personal/0_NyreeHinton_com/Github Repo/content-ops-starter/node_modules/next/dist/server/require-hook.js:55:36
    at Function.resolve (node:internal/modules/helpers:145:19)
    at _resolve (/Users/ree/Library/CloudStorage/OneDrive-Personal/0_NyreeHinton_com/Github Repo/content-ops-starter/node_modules/jiti/dist/jiti.js:1:246378)
    at jiti (/Users/ree/Library/CloudStorage/OneDrive-Personal/0_NyreeHinton_com/Github Repo/content-ops-starter/node_modules/jiti/dist/jiti.js:1:249092)
    at /Users/ree/Library/CloudStorage/OneDrive-Personal/0_NyreeHinton_com/Github Repo/content-ops-starter/build-config/next/tailwind.config.js:2:20
    at evalModule (/Users/ree/Library/CloudStorage/OneDrive-Personal/0_NyreeHinton_com/Github Repo/content-ops-starter/node_modules/jiti/dist/jiti.js:1:251913)
    at jiti (/Users/ree/Library/CloudStorage/OneDrive-Personal/0_NyreeHinton_com/Github Repo/content-ops-starter/node_modules/jiti/dist/jiti.js:1:249841)
    at /Users/ree/Library/CloudStorage/OneDrive-Personal/0_NyreeHinton_com/Github Repo/content-ops-starter/node_modules/tailwindcss/lib/lib/load-config.js:52:26
    at loadConfig (/Users/ree/Library/CloudStorage/OneDrive-Personal/0_NyreeHinton_com/Github Repo/content-ops-starter/node_modules/tailwindcss/lib/lib/load-config.js:62:6)

Import trace for requested module:
./node_modules/swiper/modules/effect-fade.css.webpack[javascript/auto]!=!./node_modules/next/dist/build/webpack/loaders/css-loader/src/index.js??ruleSet[1].rules[6].oneOf[11].use[1]!./node_modules/next/dist/build/webpack/loaders/postcss-loader/src/index.js??ruleSet[1].rules[6].oneOf[11].use[2]!./node_modules/swiper/modules/effect-fade.css
./node_modules/swiper/modules/effect-fade.css
./src/components/sections/CarouselSection/index.tsx
./src/components/components-registry.ts
./src/components/layouts/PageLayout/index.tsx
./src/components/layouts/index.ts

./node_modules/swiper/swiper.css.webpack[javascript/auto]!=!./node_modules/next/dist/build/webpack/loaders/css-loader/src/index.js??ruleSet[1].rules[6].oneOf[11].use[1]!./node_modules/next/dist/build/webpack/loaders/postcss-loader/src/index.js??ruleSet[1].rules[6].oneOf[11].use[2]!./node_modules/swiper/swiper.css
Error: Cannot find module '../content/data/style.json'
Require stack:
- /Users/ree/Library/CloudStorage/OneDrive-Personal/0_NyreeHinton_com/Github Repo/content-ops-starter/build-config/next/tailwind.config.js
    at Function.<anonymous> (node:internal/modules/cjs/loader:1405:15)
    at /Users/ree/Library/CloudStorage/OneDrive-Personal/0_NyreeHinton_com/Github Repo/content-ops-starter/node_modules/next/dist/server/require-hook.js:55:36
    at Function.resolve (node:internal/modules/helpers:145:19)
    at _resolve (/Users/ree/Library/CloudStorage/OneDrive-Personal/0_NyreeHinton_com/Github Repo/content-ops-starter/node_modules/jiti/dist/jiti.js:1:246378)
    at jiti (/Users/ree/Library/CloudStorage/OneDrive-Personal/0_NyreeHinton_com/Github Repo/content-ops-starter/node_modules/jiti/dist/jiti.js:1:249092)
    at /Users/ree/Library/CloudStorage/OneDrive-Personal/0_NyreeHinton_com/Github Repo/content-ops-starter/build-config/next/tailwind.config.js:2:20
    at evalModule (/Users/ree/Library/CloudStorage/OneDrive-Personal/0_NyreeHinton_com/Github Repo/content-ops-starter/node_modules/jiti/dist/jiti.js:1:251913)
    at jiti (/Users/ree/Library/CloudStorage/OneDrive-Personal/0_NyreeHinton_com/Github Repo/content-ops-starter/node_modules/jiti/dist/jiti.js:1:249841)
    at /Users/ree/Library/CloudStorage/OneDrive-Personal/0_NyreeHinton_com/Github Repo/content-ops-starter/node_modules/tailwindcss/lib/lib/load-config.js:52:26
    at loadConfig (/Users/ree/Library/CloudStorage/OneDrive-Personal/0_NyreeHinton_com/Github Repo/content-ops-starter/node_modules/tailwindcss/lib/lib/load-config.js:62:6)

Import trace for requested module:
./node_modules/swiper/swiper.css.webpack[javascript/auto]!=!./node_modules/next/dist/build/webpack/loaders/css-loader/src/index.js??ruleSet[1].rules[6].oneOf[11].use[1]!./node_modules/next/dist/build/webpack/loaders/postcss-loader/src/index.js??ruleSet[1].rules[6].oneOf[11].use[2]!./node_modules/swiper/swiper.css
./node_modules/swiper/swiper.css
./src/components/sections/CarouselSection/index.tsx
./src/components/components-registry.ts
./src/components/layouts/PageLayout/index.tsx
./src/components/layouts/index.ts

./src/css/main.css.webpack[javascript/auto]!=!./node_modules/next/dist/build/webpack/loaders/css-loader/src/index.js??ruleSet[1].rules[6].oneOf[13].use[1]!./node_modules/next/dist/build/webpack/loaders/postcss-loader/src/index.js??ruleSet[1].rules[6].oneOf[13].use[2]!./src/css/main.css
Error: Cannot find module '../content/data/style.json'
Require stack:
- /Users/ree/Library/CloudStorage/OneDrive-Personal/0_NyreeHinton_com/Github Repo/content-ops-starter/build-config/next/tailwind.config.js
    at Function.<anonymous> (node:internal/modules/cjs/loader:1405:15)
    at /Users/ree/Library/CloudStorage/OneDrive-Personal/0_NyreeHinton_com/Github Repo/content-ops-starter/node_modules/next/dist/server/require-hook.js:55:36
    at Function.resolve (node:internal/modules/helpers:145:19)
    at _resolve (/Users/ree/Library/CloudStorage/OneDrive-Personal/0_NyreeHinton_com/Github Repo/content-ops-starter/node_modules/jiti/dist/jiti.js:1:246378)
    at jiti (/Users/ree/Library/CloudStorage/OneDrive-Personal/0_NyreeHinton_com/Github Repo/content-ops-starter/node_modules/jiti/dist/jiti.js:1:249092)
    at /Users/ree/Library/CloudStorage/OneDrive-Personal/0_NyreeHinton_com/Github Repo/content-ops-starter/build-config/next/tailwind.config.js:2:20
    at evalModule (/Users/ree/Library/CloudStorage/OneDrive-Personal/0_NyreeHinton_com/Github Repo/content-ops-starter/node_modules/jiti/dist/jiti.js:1:251913)
    at jiti (/Users/ree/Library/CloudStorage/OneDrive-Personal/0_NyreeHinton_com/Github Repo/content-ops-starter/node_modules/jiti/dist/jiti.js:1:249841)
    at /Users/ree/Library/CloudStorage/OneDrive-Personal/0_NyreeHinton_com/Github Repo/content-ops-starter/node_modules/tailwindcss/lib/lib/load-config.js:52:26
    at loadConfig (/Users/ree/Library/CloudStorage/OneDrive-Personal/0_NyreeHinton_com/Github Repo/content-ops-starter/node_modules/tailwindcss/lib/lib/load-config.js:62:6)

Import trace for requested module:
./src/css/main.css.webpack[javascript/auto]!=!./node_modules/next/dist/build/webpack/loaders/css-loader/src/index.js??ruleSet[1].rules[6].oneOf[13].use[1]!./node_modules/next/dist/build/webpack/loaders/postcss-loader/src/index.js??ruleSet[1].rules[6].oneOf[13].use[2]!./src/css/main.css
./src/css/main.css

./src/styles/thirdbridge-new/ThirdBridge.css.webpack[javascript/auto]!=!./node_modules/next/dist/build/webpack/loaders/css-loader/src/index.js??ruleSet[1].rules[6].oneOf[13].use[1]!./node_modules/next/dist/build/webpack/loaders/postcss-loader/src/index.js??ruleSet[1].rules[6].oneOf[13].use[2]!./src/styles/thirdbridge-new/ThirdBridge.css
Error: Cannot find module '../content/data/style.json'
Require stack:
- /Users/ree/Library/CloudStorage/OneDrive-Personal/0_NyreeHinton_com/Github Repo/content-ops-starter/build-config/next/tailwind.config.js
    at Function.<anonymous> (node:internal/modules/cjs/loader:1405:15)
    at /Users/ree/Library/CloudStorage/OneDrive-Personal/0_NyreeHinton_com/Github Repo/content-ops-starter/node_modules/next/dist/server/require-hook.js:55:36
    at Function.resolve (node:internal/modules/helpers:145:19)
    at _resolve (/Users/ree/Library/CloudStorage/OneDrive-Personal/0_NyreeHinton_com/Github Repo/content-ops-starter/node_modules/jiti/dist/jiti.js:1:246378)
    at jiti (/Users/ree/Library/CloudStorage/OneDrive-Personal/0_NyreeHinton_com/Github Repo/content-ops-starter/node_modules/jiti/dist/jiti.js:1:249092)
    at /Users/ree/Library/CloudStorage/OneDrive-Personal/0_NyreeHinton_com/Github Repo/content-ops-starter/build-config/next/tailwind.config.js:2:20
    at evalModule (/Users/ree/Library/CloudStorage/OneDrive-Personal/0_NyreeHinton_com/Github Repo/content-ops-starter/node_modules/jiti/dist/jiti.js:1:251913)
    at jiti (/Users/ree/Library/CloudStorage/OneDrive-Personal/0_NyreeHinton_com/Github Repo/content-ops-starter/node_modules/jiti/dist/jiti.js:1:249841)
    at /Users/ree/Library/CloudStorage/OneDrive-Personal/0_NyreeHinton_com/Github Repo/content-ops-starter/node_modules/tailwindcss/lib/lib/load-config.js:52:26
    at loadConfig (/Users/ree/Library/CloudStorage/OneDrive-Personal/0_NyreeHinton_com/Github Repo/content-ops-starter/node_modules/tailwindcss/lib/lib/load-config.js:62:6)

Import trace for requested module:
./src/styles/thirdbridge-new/ThirdBridge.css.webpack[javascript/auto]!=!./node_modules/next/dist/build/webpack/loaders/css-loader/src/index.js??ruleSet[1].rules[6].oneOf[13].use[1]!./node_modules/next/dist/build/webpack/loaders/postcss-loader/src/index.js??ruleSet[1].rules[6].oneOf[13].use[2]!./src/styles/thirdbridge-new/ThirdBridge.css
./src/styles/thirdbridge-new/ThirdBridge.css


> Build failed because of webpack errors

[2025-03-25T23:35:24.023Z] [ERROR] Build failed. Skipping test and commit.
[2025-03-25T23:36:16.676Z] [ERROR] Build failed: Command failed: npm run build
Failed to compile.

./node_modules/@algolia/autocomplete-theme-classic/dist/theme.min.css.webpack[javascript/auto]!=!./node_modules/next/dist/build/webpack/loaders/css-loader/src/index.js??ruleSet[1].rules[6].oneOf[11].use[1]!./node_modules/next/dist/build/webpack/loaders/postcss-loader/src/index.js??ruleSet[1].rules[6].oneOf[11].use[2]!./node_modules/@algolia/autocomplete-theme-classic/dist/theme.min.css
Error: Cannot find module '../content/data/style.json'
Require stack:
- /Users/ree/Library/CloudStorage/OneDrive-Personal/0_NyreeHinton_com/Github Repo/content-ops-starter/build-config/next/tailwind.config.js
    at Function.<anonymous> (node:internal/modules/cjs/loader:1405:15)
    at /Users/ree/Library/CloudStorage/OneDrive-Personal/0_NyreeHinton_com/Github Repo/content-ops-starter/node_modules/next/dist/server/require-hook.js:55:36
    at Function.resolve (node:internal/modules/helpers:145:19)
    at _resolve (/Users/ree/Library/CloudStorage/OneDrive-Personal/0_NyreeHinton_com/Github Repo/content-ops-starter/node_modules/jiti/dist/jiti.js:1:246378)
    at jiti (/Users/ree/Library/CloudStorage/OneDrive-Personal/0_NyreeHinton_com/Github Repo/content-ops-starter/node_modules/jiti/dist/jiti.js:1:249092)
    at /Users/ree/Library/CloudStorage/OneDrive-Personal/0_NyreeHinton_com/Github Repo/content-ops-starter/build-config/next/tailwind.config.js:2:20
    at evalModule (/Users/ree/Library/CloudStorage/OneDrive-Personal/0_NyreeHinton_com/Github Repo/content-ops-starter/node_modules/jiti/dist/jiti.js:1:251913)
    at jiti (/Users/ree/Library/CloudStorage/OneDrive-Personal/0_NyreeHinton_com/Github Repo/content-ops-starter/node_modules/jiti/dist/jiti.js:1:249841)
    at /Users/ree/Library/CloudStorage/OneDrive-Personal/0_NyreeHinton_com/Github Repo/content-ops-starter/node_modules/tailwindcss/lib/lib/load-config.js:52:26
    at loadConfig (/Users/ree/Library/CloudStorage/OneDrive-Personal/0_NyreeHinton_com/Github Repo/content-ops-starter/node_modules/tailwindcss/lib/lib/load-config.js:62:6)

Import trace for requested module:
./node_modules/@algolia/autocomplete-theme-classic/dist/theme.min.css.webpack[javascript/auto]!=!./node_modules/next/dist/build/webpack/loaders/css-loader/src/index.js??ruleSet[1].rules[6].oneOf[11].use[1]!./node_modules/next/dist/build/webpack/loaders/postcss-loader/src/index.js??ruleSet[1].rules[6].oneOf[11].use[2]!./node_modules/@algolia/autocomplete-theme-classic/dist/theme.min.css
./node_modules/@algolia/autocomplete-theme-classic/dist/theme.min.css
./src/components/blocks/SearchBlock/AutoCompletePosts.jsx
./src/components/components-registry.ts
./src/components/layouts/PageLayout/index.tsx
./src/components/layouts/index.ts

./node_modules/swiper/modules/effect-fade.css.webpack[javascript/auto]!=!./node_modules/next/dist/build/webpack/loaders/css-loader/src/index.js??ruleSet[1].rules[6].oneOf[11].use[1]!./node_modules/next/dist/build/webpack/loaders/postcss-loader/src/index.js??ruleSet[1].rules[6].oneOf[11].use[2]!./node_modules/swiper/modules/effect-fade.css
Error: Cannot find module '../content/data/style.json'
Require stack:
- /Users/ree/Library/CloudStorage/OneDrive-Personal/0_NyreeHinton_com/Github Repo/content-ops-starter/build-config/next/tailwind.config.js
    at Function.<anonymous> (node:internal/modules/cjs/loader:1405:15)
    at /Users/ree/Library/CloudStorage/OneDrive-Personal/0_NyreeHinton_com/Github Repo/content-ops-starter/node_modules/next/dist/server/require-hook.js:55:36
    at Function.resolve (node:internal/modules/helpers:145:19)
    at _resolve (/Users/ree/Library/CloudStorage/OneDrive-Personal/0_NyreeHinton_com/Github Repo/content-ops-starter/node_modules/jiti/dist/jiti.js:1:246378)
    at jiti (/Users/ree/Library/CloudStorage/OneDrive-Personal/0_NyreeHinton_com/Github Repo/content-ops-starter/node_modules/jiti/dist/jiti.js:1:249092)
    at /Users/ree/Library/CloudStorage/OneDrive-Personal/0_NyreeHinton_com/Github Repo/content-ops-starter/build-config/next/tailwind.config.js:2:20
    at evalModule (/Users/ree/Library/CloudStorage/OneDrive-Personal/0_NyreeHinton_com/Github Repo/content-ops-starter/node_modules/jiti/dist/jiti.js:1:251913)
    at jiti (/Users/ree/Library/CloudStorage/OneDrive-Personal/0_NyreeHinton_com/Github Repo/content-ops-starter/node_modules/jiti/dist/jiti.js:1:249841)
    at /Users/ree/Library/CloudStorage/OneDrive-Personal/0_NyreeHinton_com/Github Repo/content-ops-starter/node_modules/tailwindcss/lib/lib/load-config.js:52:26
    at loadConfig (/Users/ree/Library/CloudStorage/OneDrive-Personal/0_NyreeHinton_com/Github Repo/content-ops-starter/node_modules/tailwindcss/lib/lib/load-config.js:62:6)

Import trace for requested module:
./node_modules/swiper/modules/effect-fade.css.webpack[javascript/auto]!=!./node_modules/next/dist/build/webpack/loaders/css-loader/src/index.js??ruleSet[1].rules[6].oneOf[11].use[1]!./node_modules/next/dist/build/webpack/loaders/postcss-loader/src/index.js??ruleSet[1].rules[6].oneOf[11].use[2]!./node_modules/swiper/modules/effect-fade.css
./node_modules/swiper/modules/effect-fade.css
./src/components/sections/CarouselSection/index.tsx
./src/components/components-registry.ts
./src/components/layouts/PageLayout/index.tsx
./src/components/layouts/index.ts

./node_modules/swiper/swiper.css.webpack[javascript/auto]!=!./node_modules/next/dist/build/webpack/loaders/css-loader/src/index.js??ruleSet[1].rules[6].oneOf[11].use[1]!./node_modules/next/dist/build/webpack/loaders/postcss-loader/src/index.js??ruleSet[1].rules[6].oneOf[11].use[2]!./node_modules/swiper/swiper.css
Error: Cannot find module '../content/data/style.json'
Require stack:
- /Users/ree/Library/CloudStorage/OneDrive-Personal/0_NyreeHinton_com/Github Repo/content-ops-starter/build-config/next/tailwind.config.js
    at Function.<anonymous> (node:internal/modules/cjs/loader:1405:15)
    at /Users/ree/Library/CloudStorage/OneDrive-Personal/0_NyreeHinton_com/Github Repo/content-ops-starter/node_modules/next/dist/server/require-hook.js:55:36
    at Function.resolve (node:internal/modules/helpers:145:19)
    at _resolve (/Users/ree/Library/CloudStorage/OneDrive-Personal/0_NyreeHinton_com/Github Repo/content-ops-starter/node_modules/jiti/dist/jiti.js:1:246378)
    at jiti (/Users/ree/Library/CloudStorage/OneDrive-Personal/0_NyreeHinton_com/Github Repo/content-ops-starter/node_modules/jiti/dist/jiti.js:1:249092)
    at /Users/ree/Library/CloudStorage/OneDrive-Personal/0_NyreeHinton_com/Github Repo/content-ops-starter/build-config/next/tailwind.config.js:2:20
    at evalModule (/Users/ree/Library/CloudStorage/OneDrive-Personal/0_NyreeHinton_com/Github Repo/content-ops-starter/node_modules/jiti/dist/jiti.js:1:251913)
    at jiti (/Users/ree/Library/CloudStorage/OneDrive-Personal/0_NyreeHinton_com/Github Repo/content-ops-starter/node_modules/jiti/dist/jiti.js:1:249841)
    at /Users/ree/Library/CloudStorage/OneDrive-Personal/0_NyreeHinton_com/Github Repo/content-ops-starter/node_modules/tailwindcss/lib/lib/load-config.js:52:26
    at loadConfig (/Users/ree/Library/CloudStorage/OneDrive-Personal/0_NyreeHinton_com/Github Repo/content-ops-starter/node_modules/tailwindcss/lib/lib/load-config.js:62:6)

Import trace for requested module:
./node_modules/swiper/swiper.css.webpack[javascript/auto]!=!./node_modules/next/dist/build/webpack/loaders/css-loader/src/index.js??ruleSet[1].rules[6].oneOf[11].use[1]!./node_modules/next/dist/build/webpack/loaders/postcss-loader/src/index.js??ruleSet[1].rules[6].oneOf[11].use[2]!./node_modules/swiper/swiper.css
./node_modules/swiper/swiper.css
./src/components/sections/CarouselSection/index.tsx
./src/components/components-registry.ts
./src/components/layouts/PageLayout/index.tsx
./src/components/layouts/index.ts

./src/css/main.css.webpack[javascript/auto]!=!./node_modules/next/dist/build/webpack/loaders/css-loader/src/index.js??ruleSet[1].rules[6].oneOf[13].use[1]!./node_modules/next/dist/build/webpack/loaders/postcss-loader/src/index.js??ruleSet[1].rules[6].oneOf[13].use[2]!./src/css/main.css
Error: Cannot find module '../content/data/style.json'
Require stack:
- /Users/ree/Library/CloudStorage/OneDrive-Personal/0_NyreeHinton_com/Github Repo/content-ops-starter/build-config/next/tailwind.config.js
    at Function.<anonymous> (node:internal/modules/cjs/loader:1405:15)
    at /Users/ree/Library/CloudStorage/OneDrive-Personal/0_NyreeHinton_com/Github Repo/content-ops-starter/node_modules/next/dist/server/require-hook.js:55:36
    at Function.resolve (node:internal/modules/helpers:145:19)
    at _resolve (/Users/ree/Library/CloudStorage/OneDrive-Personal/0_NyreeHinton_com/Github Repo/content-ops-starter/node_modules/jiti/dist/jiti.js:1:246378)
    at jiti (/Users/ree/Library/CloudStorage/OneDrive-Personal/0_NyreeHinton_com/Github Repo/content-ops-starter/node_modules/jiti/dist/jiti.js:1:249092)
    at /Users/ree/Library/CloudStorage/OneDrive-Personal/0_NyreeHinton_com/Github Repo/content-ops-starter/build-config/next/tailwind.config.js:2:20
    at evalModule (/Users/ree/Library/CloudStorage/OneDrive-Personal/0_NyreeHinton_com/Github Repo/content-ops-starter/node_modules/jiti/dist/jiti.js:1:251913)
    at jiti (/Users/ree/Library/CloudStorage/OneDrive-Personal/0_NyreeHinton_com/Github Repo/content-ops-starter/node_modules/jiti/dist/jiti.js:1:249841)
    at /Users/ree/Library/CloudStorage/OneDrive-Personal/0_NyreeHinton_com/Github Repo/content-ops-starter/node_modules/tailwindcss/lib/lib/load-config.js:52:26
    at loadConfig (/Users/ree/Library/CloudStorage/OneDrive-Personal/0_NyreeHinton_com/Github Repo/content-ops-starter/node_modules/tailwindcss/lib/lib/load-config.js:62:6)

Import trace for requested module:
./src/css/main.css.webpack[javascript/auto]!=!./node_modules/next/dist/build/webpack/loaders/css-loader/src/index.js??ruleSet[1].rules[6].oneOf[13].use[1]!./node_modules/next/dist/build/webpack/loaders/postcss-loader/src/index.js??ruleSet[1].rules[6].oneOf[13].use[2]!./src/css/main.css
./src/css/main.css

./src/styles/thirdbridge-new/ThirdBridge.css.webpack[javascript/auto]!=!./node_modules/next/dist/build/webpack/loaders/css-loader/src/index.js??ruleSet[1].rules[6].oneOf[13].use[1]!./node_modules/next/dist/build/webpack/loaders/postcss-loader/src/index.js??ruleSet[1].rules[6].oneOf[13].use[2]!./src/styles/thirdbridge-new/ThirdBridge.css
Error: Cannot find module '../content/data/style.json'
Require stack:
- /Users/ree/Library/CloudStorage/OneDrive-Personal/0_NyreeHinton_com/Github Repo/content-ops-starter/build-config/next/tailwind.config.js
    at Function.<anonymous> (node:internal/modules/cjs/loader:1405:15)
    at /Users/ree/Library/CloudStorage/OneDrive-Personal/0_NyreeHinton_com/Github Repo/content-ops-starter/node_modules/next/dist/server/require-hook.js:55:36
    at Function.resolve (node:internal/modules/helpers:145:19)
    at _resolve (/Users/ree/Library/CloudStorage/OneDrive-Personal/0_NyreeHinton_com/Github Repo/content-ops-starter/node_modules/jiti/dist/jiti.js:1:246378)
    at jiti (/Users/ree/Library/CloudStorage/OneDrive-Personal/0_NyreeHinton_com/Github Repo/content-ops-starter/node_modules/jiti/dist/jiti.js:1:249092)
    at /Users/ree/Library/CloudStorage/OneDrive-Personal/0_NyreeHinton_com/Github Repo/content-ops-starter/build-config/next/tailwind.config.js:2:20
    at evalModule (/Users/ree/Library/CloudStorage/OneDrive-Personal/0_NyreeHinton_com/Github Repo/content-ops-starter/node_modules/jiti/dist/jiti.js:1:251913)
    at jiti (/Users/ree/Library/CloudStorage/OneDrive-Personal/0_NyreeHinton_com/Github Repo/content-ops-starter/node_modules/jiti/dist/jiti.js:1:249841)
    at /Users/ree/Library/CloudStorage/OneDrive-Personal/0_NyreeHinton_com/Github Repo/content-ops-starter/node_modules/tailwindcss/lib/lib/load-config.js:52:26
    at loadConfig (/Users/ree/Library/CloudStorage/OneDrive-Personal/0_NyreeHinton_com/Github Repo/content-ops-starter/node_modules/tailwindcss/lib/lib/load-config.js:62:6)

Import trace for requested module:
./src/styles/thirdbridge-new/ThirdBridge.css.webpack[javascript/auto]!=!./node_modules/next/dist/build/webpack/loaders/css-loader/src/index.js??ruleSet[1].rules[6].oneOf[13].use[1]!./node_modules/next/dist/build/webpack/loaders/postcss-loader/src/index.js??ruleSet[1].rules[6].oneOf[13].use[2]!./src/styles/thirdbridge-new/ThirdBridge.css
./src/styles/thirdbridge-new/ThirdBridge.css


> Build failed because of webpack errors

[2025-03-25T23:36:16.679Z] [ERROR] Build failed. Skipping test and commit.
[2025-03-25T23:36:31.814Z] [ERROR] Build failed: Command failed: npm run build
Failed to compile.

./node_modules/@algolia/autocomplete-theme-classic/dist/theme.min.css.webpack[javascript/auto]!=!./node_modules/next/dist/build/webpack/loaders/css-loader/src/index.js??ruleSet[1].rules[6].oneOf[11].use[1]!./node_modules/next/dist/build/webpack/loaders/postcss-loader/src/index.js??ruleSet[1].rules[6].oneOf[11].use[2]!./node_modules/@algolia/autocomplete-theme-classic/dist/theme.min.css
Error: Cannot find module '../content/data/style.json'
Require stack:
- /Users/ree/Library/CloudStorage/OneDrive-Personal/0_NyreeHinton_com/Github Repo/content-ops-starter/build-config/next/tailwind.config.js
    at Function.<anonymous> (node:internal/modules/cjs/loader:1405:15)
    at /Users/ree/Library/CloudStorage/OneDrive-Personal/0_NyreeHinton_com/Github Repo/content-ops-starter/node_modules/next/dist/server/require-hook.js:55:36
    at Function.resolve (node:internal/modules/helpers:145:19)
    at _resolve (/Users/ree/Library/CloudStorage/OneDrive-Personal/0_NyreeHinton_com/Github Repo/content-ops-starter/node_modules/jiti/dist/jiti.js:1:246378)
    at jiti (/Users/ree/Library/CloudStorage/OneDrive-Personal/0_NyreeHinton_com/Github Repo/content-ops-starter/node_modules/jiti/dist/jiti.js:1:249092)
    at /Users/ree/Library/CloudStorage/OneDrive-Personal/0_NyreeHinton_com/Github Repo/content-ops-starter/build-config/next/tailwind.config.js:2:20
    at evalModule (/Users/ree/Library/CloudStorage/OneDrive-Personal/0_NyreeHinton_com/Github Repo/content-ops-starter/node_modules/jiti/dist/jiti.js:1:251913)
    at jiti (/Users/ree/Library/CloudStorage/OneDrive-Personal/0_NyreeHinton_com/Github Repo/content-ops-starter/node_modules/jiti/dist/jiti.js:1:249841)
    at /Users/ree/Library/CloudStorage/OneDrive-Personal/0_NyreeHinton_com/Github Repo/content-ops-starter/node_modules/tailwindcss/lib/lib/load-config.js:52:26
    at loadConfig (/Users/ree/Library/CloudStorage/OneDrive-Personal/0_NyreeHinton_com/Github Repo/content-ops-starter/node_modules/tailwindcss/lib/lib/load-config.js:62:6)

Import trace for requested module:
./node_modules/@algolia/autocomplete-theme-classic/dist/theme.min.css.webpack[javascript/auto]!=!./node_modules/next/dist/build/webpack/loaders/css-loader/src/index.js??ruleSet[1].rules[6].oneOf[11].use[1]!./node_modules/next/dist/build/webpack/loaders/postcss-loader/src/index.js??ruleSet[1].rules[6].oneOf[11].use[2]!./node_modules/@algolia/autocomplete-theme-classic/dist/theme.min.css
./node_modules/@algolia/autocomplete-theme-classic/dist/theme.min.css
./src/components/blocks/SearchBlock/AutoCompletePosts.jsx
./src/components/components-registry.ts
./src/components/layouts/PageLayout/index.tsx
./src/components/layouts/index.ts

./node_modules/swiper/modules/effect-fade.css.webpack[javascript/auto]!=!./node_modules/next/dist/build/webpack/loaders/css-loader/src/index.js??ruleSet[1].rules[6].oneOf[11].use[1]!./node_modules/next/dist/build/webpack/loaders/postcss-loader/src/index.js??ruleSet[1].rules[6].oneOf[11].use[2]!./node_modules/swiper/modules/effect-fade.css
Error: Cannot find module '../content/data/style.json'
Require stack:
- /Users/ree/Library/CloudStorage/OneDrive-Personal/0_NyreeHinton_com/Github Repo/content-ops-starter/build-config/next/tailwind.config.js
    at Function.<anonymous> (node:internal/modules/cjs/loader:1405:15)
    at /Users/ree/Library/CloudStorage/OneDrive-Personal/0_NyreeHinton_com/Github Repo/content-ops-starter/node_modules/next/dist/server/require-hook.js:55:36
    at Function.resolve (node:internal/modules/helpers:145:19)
    at _resolve (/Users/ree/Library/CloudStorage/OneDrive-Personal/0_NyreeHinton_com/Github Repo/content-ops-starter/node_modules/jiti/dist/jiti.js:1:246378)
    at jiti (/Users/ree/Library/CloudStorage/OneDrive-Personal/0_NyreeHinton_com/Github Repo/content-ops-starter/node_modules/jiti/dist/jiti.js:1:249092)
    at /Users/ree/Library/CloudStorage/OneDrive-Personal/0_NyreeHinton_com/Github Repo/content-ops-starter/build-config/next/tailwind.config.js:2:20
    at evalModule (/Users/ree/Library/CloudStorage/OneDrive-Personal/0_NyreeHinton_com/Github Repo/content-ops-starter/node_modules/jiti/dist/jiti.js:1:251913)
    at jiti (/Users/ree/Library/CloudStorage/OneDrive-Personal/0_NyreeHinton_com/Github Repo/content-ops-starter/node_modules/jiti/dist/jiti.js:1:249841)
    at /Users/ree/Library/CloudStorage/OneDrive-Personal/0_NyreeHinton_com/Github Repo/content-ops-starter/node_modules/tailwindcss/lib/lib/load-config.js:52:26
    at loadConfig (/Users/ree/Library/CloudStorage/OneDrive-Personal/0_NyreeHinton_com/Github Repo/content-ops-starter/node_modules/tailwindcss/lib/lib/load-config.js:62:6)

Import trace for requested module:
./node_modules/swiper/modules/effect-fade.css.webpack[javascript/auto]!=!./node_modules/next/dist/build/webpack/loaders/css-loader/src/index.js??ruleSet[1].rules[6].oneOf[11].use[1]!./node_modules/next/dist/build/webpack/loaders/postcss-loader/src/index.js??ruleSet[1].rules[6].oneOf[11].use[2]!./node_modules/swiper/modules/effect-fade.css
./node_modules/swiper/modules/effect-fade.css
./src/components/sections/CarouselSection/index.tsx
./src/components/components-registry.ts
./src/components/layouts/PageLayout/index.tsx
./src/components/layouts/index.ts

./node_modules/swiper/swiper.css.webpack[javascript/auto]!=!./node_modules/next/dist/build/webpack/loaders/css-loader/src/index.js??ruleSet[1].rules[6].oneOf[11].use[1]!./node_modules/next/dist/build/webpack/loaders/postcss-loader/src/index.js??ruleSet[1].rules[6].oneOf[11].use[2]!./node_modules/swiper/swiper.css
Error: Cannot find module '../content/data/style.json'
Require stack:
- /Users/ree/Library/CloudStorage/OneDrive-Personal/0_NyreeHinton_com/Github Repo/content-ops-starter/build-config/next/tailwind.config.js
    at Function.<anonymous> (node:internal/modules/cjs/loader:1405:15)
    at /Users/ree/Library/CloudStorage/OneDrive-Personal/0_NyreeHinton_com/Github Repo/content-ops-starter/node_modules/next/dist/server/require-hook.js:55:36
    at Function.resolve (node:internal/modules/helpers:145:19)
    at _resolve (/Users/ree/Library/CloudStorage/OneDrive-Personal/0_NyreeHinton_com/Github Repo/content-ops-starter/node_modules/jiti/dist/jiti.js:1:246378)
    at jiti (/Users/ree/Library/CloudStorage/OneDrive-Personal/0_NyreeHinton_com/Github Repo/content-ops-starter/node_modules/jiti/dist/jiti.js:1:249092)
    at /Users/ree/Library/CloudStorage/OneDrive-Personal/0_NyreeHinton_com/Github Repo/content-ops-starter/build-config/next/tailwind.config.js:2:20
    at evalModule (/Users/ree/Library/CloudStorage/OneDrive-Personal/0_NyreeHinton_com/Github Repo/content-ops-starter/node_modules/jiti/dist/jiti.js:1:251913)
    at jiti (/Users/ree/Library/CloudStorage/OneDrive-Personal/0_NyreeHinton_com/Github Repo/content-ops-starter/node_modules/jiti/dist/jiti.js:1:249841)
    at /Users/ree/Library/CloudStorage/OneDrive-Personal/0_NyreeHinton_com/Github Repo/content-ops-starter/node_modules/tailwindcss/lib/lib/load-config.js:52:26
    at loadConfig (/Users/ree/Library/CloudStorage/OneDrive-Personal/0_NyreeHinton_com/Github Repo/content-ops-starter/node_modules/tailwindcss/lib/lib/load-config.js:62:6)

Import trace for requested module:
./node_modules/swiper/swiper.css.webpack[javascript/auto]!=!./node_modules/next/dist/build/webpack/loaders/css-loader/src/index.js??ruleSet[1].rules[6].oneOf[11].use[1]!./node_modules/next/dist/build/webpack/loaders/postcss-loader/src/index.js??ruleSet[1].rules[6].oneOf[11].use[2]!./node_modules/swiper/swiper.css
./node_modules/swiper/swiper.css
./src/components/sections/CarouselSection/index.tsx
./src/components/components-registry.ts
./src/components/layouts/PageLayout/index.tsx
./src/components/layouts/index.ts

./src/css/main.css.webpack[javascript/auto]!=!./node_modules/next/dist/build/webpack/loaders/css-loader/src/index.js??ruleSet[1].rules[6].oneOf[13].use[1]!./node_modules/next/dist/build/webpack/loaders/postcss-loader/src/index.js??ruleSet[1].rules[6].oneOf[13].use[2]!./src/css/main.css
Error: Cannot find module '../content/data/style.json'
Require stack:
- /Users/ree/Library/CloudStorage/OneDrive-Personal/0_NyreeHinton_com/Github Repo/content-ops-starter/build-config/next/tailwind.config.js
    at Function.<anonymous> (node:internal/modules/cjs/loader:1405:15)
    at /Users/ree/Library/CloudStorage/OneDrive-Personal/0_NyreeHinton_com/Github Repo/content-ops-starter/node_modules/next/dist/server/require-hook.js:55:36
    at Function.resolve (node:internal/modules/helpers:145:19)
    at _resolve (/Users/ree/Library/CloudStorage/OneDrive-Personal/0_NyreeHinton_com/Github Repo/content-ops-starter/node_modules/jiti/dist/jiti.js:1:246378)
    at jiti (/Users/ree/Library/CloudStorage/OneDrive-Personal/0_NyreeHinton_com/Github Repo/content-ops-starter/node_modules/jiti/dist/jiti.js:1:249092)
    at /Users/ree/Library/CloudStorage/OneDrive-Personal/0_NyreeHinton_com/Github Repo/content-ops-starter/build-config/next/tailwind.config.js:2:20
    at evalModule (/Users/ree/Library/CloudStorage/OneDrive-Personal/0_NyreeHinton_com/Github Repo/content-ops-starter/node_modules/jiti/dist/jiti.js:1:251913)
    at jiti (/Users/ree/Library/CloudStorage/OneDrive-Personal/0_NyreeHinton_com/Github Repo/content-ops-starter/node_modules/jiti/dist/jiti.js:1:249841)
    at /Users/ree/Library/CloudStorage/OneDrive-Personal/0_NyreeHinton_com/Github Repo/content-ops-starter/node_modules/tailwindcss/lib/lib/load-config.js:52:26
    at loadConfig (/Users/ree/Library/CloudStorage/OneDrive-Personal/0_NyreeHinton_com/Github Repo/content-ops-starter/node_modules/tailwindcss/lib/lib/load-config.js:62:6)

Import trace for requested module:
./src/css/main.css.webpack[javascript/auto]!=!./node_modules/next/dist/build/webpack/loaders/css-loader/src/index.js??ruleSet[1].rules[6].oneOf[13].use[1]!./node_modules/next/dist/build/webpack/loaders/postcss-loader/src/index.js??ruleSet[1].rules[6].oneOf[13].use[2]!./src/css/main.css
./src/css/main.css

./src/styles/thirdbridge-new/ThirdBridge.css.webpack[javascript/auto]!=!./node_modules/next/dist/build/webpack/loaders/css-loader/src/index.js??ruleSet[1].rules[6].oneOf[13].use[1]!./node_modules/next/dist/build/webpack/loaders/postcss-loader/src/index.js??ruleSet[1].rules[6].oneOf[13].use[2]!./src/styles/thirdbridge-new/ThirdBridge.css
Error: Cannot find module '../content/data/style.json'
Require stack:
- /Users/ree/Library/CloudStorage/OneDrive-Personal/0_NyreeHinton_com/Github Repo/content-ops-starter/build-config/next/tailwind.config.js
    at Function.<anonymous> (node:internal/modules/cjs/loader:1405:15)
    at /Users/ree/Library/CloudStorage/OneDrive-Personal/0_NyreeHinton_com/Github Repo/content-ops-starter/node_modules/next/dist/server/require-hook.js:55:36
    at Function.resolve (node:internal/modules/helpers:145:19)
    at _resolve (/Users/ree/Library/CloudStorage/OneDrive-Personal/0_NyreeHinton_com/Github Repo/content-ops-starter/node_modules/jiti/dist/jiti.js:1:246378)
    at jiti (/Users/ree/Library/CloudStorage/OneDrive-Personal/0_NyreeHinton_com/Github Repo/content-ops-starter/node_modules/jiti/dist/jiti.js:1:249092)
    at /Users/ree/Library/CloudStorage/OneDrive-Personal/0_NyreeHinton_com/Github Repo/content-ops-starter/build-config/next/tailwind.config.js:2:20
    at evalModule (/Users/ree/Library/CloudStorage/OneDrive-Personal/0_NyreeHinton_com/Github Repo/content-ops-starter/node_modules/jiti/dist/jiti.js:1:251913)
    at jiti (/Users/ree/Library/CloudStorage/OneDrive-Personal/0_NyreeHinton_com/Github Repo/content-ops-starter/node_modules/jiti/dist/jiti.js:1:249841)
    at /Users/ree/Library/CloudStorage/OneDrive-Personal/0_NyreeHinton_com/Github Repo/content-ops-starter/node_modules/tailwindcss/lib/lib/load-config.js:52:26
    at loadConfig (/Users/ree/Library/CloudStorage/OneDrive-Personal/0_NyreeHinton_com/Github Repo/content-ops-starter/node_modules/tailwindcss/lib/lib/load-config.js:62:6)

Import trace for requested module:
./src/styles/thirdbridge-new/ThirdBridge.css.webpack[javascript/auto]!=!./node_modules/next/dist/build/webpack/loaders/css-loader/src/index.js??ruleSet[1].rules[6].oneOf[13].use[1]!./node_modules/next/dist/build/webpack/loaders/postcss-loader/src/index.js??ruleSet[1].rules[6].oneOf[13].use[2]!./src/styles/thirdbridge-new/ThirdBridge.css
./src/styles/thirdbridge-new/ThirdBridge.css


> Build failed because of webpack errors

[2025-03-25T23:36:31.817Z] [ERROR] Build failed. Skipping test and commit.
[2025-03-25T23:47:43.541Z] [ERROR] API request failed with status code 404: Not Found
[2025-03-25T23:47:43.545Z] [ERROR] Failed to get deploy status: API request failed with status code 404: Not Found
