[2025-03-25T23:05:28.734Z] [INFO] Starting build, test, and commit process...
[2025-03-25T23:05:28.743Z] [INFO] Starting site build process...
[2025-03-25T23:05:28.743Z] [INFO] Executing build command: npm run build
[2025-03-25T23:05:59.821Z] [INFO] Starting build, test, and commit process...
[2025-03-25T23:05:59.829Z] [INFO] Starting site build process...
[2025-03-25T23:05:59.829Z] [INFO] Executing build command: npm run build
[2025-03-25T23:26:38.359Z] [INFO] Starting build, test, and commit process...
[2025-03-25T23:26:38.372Z] [INFO] Starting site build process...
[2025-03-25T23:26:38.372Z] [INFO] Executing build command: npm run build
[2025-03-25T23:35:16.151Z] [INFO] Starting build, test, and commit process...
[2025-03-25T23:35:16.178Z] [INFO] Starting site build process...
[2025-03-25T23:35:16.178Z] [INFO] Executing build command: npm run build
[2025-03-25T23:36:09.389Z] [INFO] Starting build, test, and commit process...
[2025-03-25T23:36:09.396Z] [INFO] Starting site build process...
[2025-03-25T23:36:09.397Z] [INFO] Executing build command: npm run build
[2025-03-25T23:36:24.312Z] [INFO] Starting build, test, and commit process...
[2025-03-25T23:36:24.317Z] [INFO] Starting site build process...
[2025-03-25T23:36:24.317Z] [INFO] Executing build command: npm run build
[2025-03-25T23:47:41.808Z] [INFO] Getting deploy status for site: your_netlify_site_id
[2025-03-25T23:47:41.817Z] [INFO] API Request: GET /v1/sites/your_netlify_site_id/deploys?per_page=5
