[2025-03-25T16:24:26.673Z] [INFO] Process manager initialized
[2025-03-25T16:24:26.677Z] [INFO] Scanning for problematic processes...
[2025-03-25T16:24:27.337Z] [INFO] No problematic processes found during scan
[2025-03-25T16:24:27.337Z] [INFO] No problematic processes found
[2025-03-25T16:24:27.337Z] [INFO] Starting comprehensive cleanup of all processes
[2025-03-25T16:24:27.337Z] [INFO] No tracked processes to clean up
[2025-03-25T16:24:27.429Z] [INFO] Process manager initialized
[2025-03-25T16:24:27.434Z] [INFO] Cleaning up all processes...
[2025-03-25T16:24:27.434Z] [INFO] Starting comprehensive cleanup of all processes
[2025-03-25T16:24:27.434Z] [INFO] No tracked processes to clean up
[2025-03-25T16:24:28.113Z] [INFO] No problematic processes found
[2025-03-25T16:24:28.114Z] [INFO] Comprehensive cleanup complete. Killed 0 processes in total.
[2025-03-25T16:24:28.114Z] [INFO] Cleaned up 0 processes in total
[2025-03-25T16:24:28.114Z] [INFO] Starting comprehensive cleanup of all processes
[2025-03-25T16:24:28.114Z] [INFO] No tracked processes to clean up
[2025-03-25T16:26:28.618Z] [INFO] Process manager initialized
[2025-03-25T16:26:28.623Z] [INFO] Scanning for problematic processes...
[2025-03-25T16:26:29.292Z] [INFO] No problematic processes found during scan
[2025-03-25T16:26:29.292Z] [INFO] No problematic processes found
[2025-03-25T16:26:29.292Z] [INFO] Starting comprehensive cleanup of all processes
[2025-03-25T16:26:29.293Z] [INFO] No tracked processes to clean up
[2025-03-25T16:26:29.385Z] [INFO] Process manager initialized
[2025-03-25T16:26:29.390Z] [INFO] Cleaning up all processes...
[2025-03-25T16:26:29.390Z] [INFO] Starting comprehensive cleanup of all processes
[2025-03-25T16:26:29.390Z] [INFO] No tracked processes to clean up
[2025-03-25T16:26:30.069Z] [INFO] No problematic processes found
[2025-03-25T16:26:30.069Z] [INFO] Comprehensive cleanup complete. Killed 0 processes in total.
[2025-03-25T16:26:30.069Z] [INFO] Cleaned up 0 processes in total
[2025-03-25T16:26:30.070Z] [INFO] Starting comprehensive cleanup of all processes
[2025-03-25T16:26:30.070Z] [INFO] No tracked processes to clean up
[2025-03-25T16:27:02.602Z] [INFO] Process manager initialized
[2025-03-25T16:27:02.607Z] [INFO] Scanning for problematic processes...
[2025-03-25T16:27:03.240Z] [INFO] No problematic processes found during scan
[2025-03-25T16:27:03.240Z] [INFO] No problematic processes found
[2025-03-25T16:27:03.241Z] [INFO] Starting comprehensive cleanup of all processes
[2025-03-25T16:27:03.241Z] [INFO] No tracked processes to clean up
[2025-03-25T16:27:03.334Z] [INFO] Process manager initialized
[2025-03-25T16:27:03.339Z] [INFO] Cleaning up all processes...
[2025-03-25T16:27:03.339Z] [INFO] Starting comprehensive cleanup of all processes
[2025-03-25T16:27:03.339Z] [INFO] No tracked processes to clean up
[2025-03-25T16:27:04.043Z] [INFO] No problematic processes found
[2025-03-25T16:27:04.043Z] [INFO] Comprehensive cleanup complete. Killed 0 processes in total.
[2025-03-25T16:27:04.043Z] [INFO] Cleaned up 0 processes in total
[2025-03-25T16:27:04.043Z] [INFO] Starting comprehensive cleanup of all processes
[2025-03-25T16:27:04.044Z] [INFO] No tracked processes to clean up
[2025-03-25T16:28:21.540Z] [INFO] Process manager initialized
[2025-03-25T16:28:21.544Z] [INFO] Scanning for problematic processes...
[2025-03-25T16:28:22.162Z] [INFO] No problematic processes found during scan
[2025-03-25T16:28:22.162Z] [INFO] No problematic processes found
[2025-03-25T16:28:22.162Z] [INFO] Starting comprehensive cleanup of all processes
[2025-03-25T16:28:22.162Z] [INFO] No tracked processes to clean up
[2025-03-25T16:28:22.252Z] [INFO] Process manager initialized
[2025-03-25T16:28:22.256Z] [INFO] Cleaning up all processes...
[2025-03-25T16:28:22.257Z] [INFO] Starting comprehensive cleanup of all processes
[2025-03-25T16:28:22.257Z] [INFO] No tracked processes to clean up
[2025-03-25T16:28:22.877Z] [INFO] No problematic processes found
[2025-03-25T16:28:22.877Z] [INFO] Comprehensive cleanup complete. Killed 0 processes in total.
[2025-03-25T16:28:22.877Z] [INFO] Cleaned up 0 processes in total
[2025-03-25T16:28:22.877Z] [INFO] Starting comprehensive cleanup of all processes
[2025-03-25T16:28:22.878Z] [INFO] No tracked processes to clean up
[2025-03-25T16:29:17.929Z] [INFO] Process manager initialized
[2025-03-25T16:29:17.934Z] [INFO] Scanning for problematic processes...
[2025-03-25T16:29:18.557Z] [INFO] No problematic processes found during scan
[2025-03-25T16:29:18.557Z] [INFO] No problematic processes found
[2025-03-25T16:29:18.558Z] [INFO] Starting comprehensive cleanup of all processes
[2025-03-25T16:29:18.558Z] [INFO] No tracked processes to clean up
[2025-03-25T16:29:18.652Z] [INFO] Process manager initialized
[2025-03-25T16:29:18.657Z] [INFO] Cleaning up all processes...
[2025-03-25T16:29:18.657Z] [INFO] Starting comprehensive cleanup of all processes
[2025-03-25T16:29:18.657Z] [INFO] No tracked processes to clean up
[2025-03-25T16:29:19.254Z] [INFO] No problematic processes found
[2025-03-25T16:29:19.254Z] [INFO] Comprehensive cleanup complete. Killed 0 processes in total.
[2025-03-25T16:29:19.254Z] [INFO] Cleaned up 0 processes in total
[2025-03-25T16:29:19.254Z] [INFO] Starting comprehensive cleanup of all processes
[2025-03-25T16:29:19.254Z] [INFO] No tracked processes to clean up
